<?xml version="1.0" encoding="UTF-8"?>
<testsuite xmlns:xsi="http://www.w3.org/2001/XMLSchema-instance" xsi:noNamespaceSchemaLocation="https://maven.apache.org/surefire/maven-surefire-plugin/xsd/surefire-test-report-3.0.xsd" version="3.0" name="at.campus02.bsd.CalculatorTest" time="0.1" tests="7" errors="0" skipped="0" failures="0">
  <properties>
[...]
</properties>
  <testcase name="testAdd" classname="at.campus02.bsd.CalculatorTest" time="0.055"/>
  <testcase name="testFakultaet1" classname="at.campus02.bsd.CalculatorTest" time="0.002"/>
  <testcase name="testFakultaet2" classname="at.campus02.bsd.CalculatorTest" time="0.002"/>
  <testcase name="testFakultaet3" classname="at.campus02.bsd.CalculatorTest" time="0.002"/>
  <testcase name="testMinus" classname="at.campus02.bsd.CalculatorTest" time="0.001"/>
  <testcase name="testDivide" classname="at.campus02.bsd.CalculatorTest" time="0.001"/>
  <testcase name="testMultiply" classname="at.campus02.bsd.CalculatorTest" time="0.002"/>
</testsuite>